[debug] [2021-09-13T03:06:15.345Z] ----------------------------------------------------------------------
[debug] [2021-09-13T03:06:15.347Z] Command:       C:\Program Files\nodejs\node.exe C:\Users\Usuario\AppData\Roaming\npm\node_modules\firebase-tools\lib\bin\firebase.js init
[debug] [2021-09-13T03:06:15.348Z] CLI Version:   9.18.0
[debug] [2021-09-13T03:06:15.348Z] Platform:      win32
[debug] [2021-09-13T03:06:15.348Z] Node Version:  v14.17.6
[debug] [2021-09-13T03:06:15.350Z] Time:          Sun Sep 12 2021 22:06:15 GMT-0500 (Colombia Standard Time)
[debug] [2021-09-13T03:06:15.351Z] ----------------------------------------------------------------------
[debug] 
[debug] [2021-09-13T03:06:15.367Z] > command requires scopes: ["email","openid","https://www.googleapis.com/auth/cloudplatformprojects.readonly","https://www.googleapis.com/auth/firebase","https://www.googleapis.com/auth/cloud-platform"]
[debug] [2021-09-13T03:06:15.368Z] > authorizing via signed-in user (andres.florez1019@gmail.com)
[info] 
     ######## #### ########  ######## ########     ###     ######  ########
     ##        ##  ##     ## ##       ##     ##  ##   ##  ##       ##
     ######    ##  ########  ######   ########  #########  ######  ######
     ##        ##  ##    ##  ##       ##     ## ##     ##       ## ##
     ##       #### ##     ## ######## ########  ##     ##  ######  ########

You're about to initialize a Firebase project in this directory:

  C:\Users\Usuario\OneDrive\Documentos\SALLE\Semillero\Sensors-codes\ModulairPm\sensor

[info] 
=== Project Setup
[info] 
[info] First, let's associate this project directory with a Firebase project.
[info] You can create multiple project aliases by running firebase use --add, 
[info] but for now we'll just set up a default project.
[info] 
[debug] [2021-09-13T03:07:24.080Z] >>> [apiv2][query] GET https://firebase.googleapis.com/v1beta1/projects pageSize=100
[debug] [2021-09-13T03:07:24.555Z] <<< [apiv2][status] GET https://firebase.googleapis.com/v1beta1/projects 200
[debug] [2021-09-13T03:07:24.555Z] <<< [apiv2][body] GET https://firebase.googleapis.com/v1beta1/projects [omitted]
[info] i  Using project mysensorinfo (mySensorInfo) 
[info] 
=== Hosting:github Setup
[info] 
[info] i  Detected a .git folder at C:\Users\Usuario\OneDrive\Documentos\SALLE\Semillero\Sensors-codes\ModulairPm\sensor 
[info] i  Authorizing with GitHub to upload your service account to a GitHub repository's secrets store. 
[info] 
[info] Visit this URL on this device to log in:
[info] https://github.com/login/oauth/authorize?client_id=89cf50f02ac6aaed3484&state=319346488&redirect_uri=http%3A%2F%2Flocalhost%3A9005&scope=read%3Auser%20repo%20public_repo
[info] 
[info] Waiting for authentication...
[debug] [2021-09-13T03:08:19.195Z] >>> HTTP REQUEST POST https://github.com/login/oauth/access_token  
 {"client_id":"89cf50f02ac6aaed3484","client_secret":"3330d14abc895d9a74d5f17cd7a00711fa2c5bf0","code":"d3907607ddac7383f339","redirect_uri":"http://localhost:9005","state":"319346488"}
[debug] [2021-09-13T03:08:19.622Z] <<< HTTP RESPONSE 200 {"server":"GitHub.com","date":"Mon, 13 Sep 2021 03:08:19 GMT","content-type":"application/json; charset=utf-8","transfer-encoding":"chunked","vary":"X-PJAX, X-PJAX-Container, Accept-Encoding, Accept, X-Requested-With","permissions-policy":"interest-cohort=()","etag":"W/\"bd9caebf4370ae57c7058c28dd73ef47\"","cache-control":"max-age=0, private, must-revalidate","strict-transport-security":"max-age=31536000; includeSubdomains; preload","x-frame-options":"deny","x-content-type-options":"nosniff","x-xss-protection":"0","referrer-policy":"origin-when-cross-origin, strict-origin-when-cross-origin","expect-ct":"max-age=2592000, report-uri=\"https://api.github.com/_private/browser/errors\"","content-security-policy":"default-src 'none'; base-uri 'self'; block-all-mixed-content; connect-src 'self' uploads.github.com www.githubstatus.com collector.githubapp.com api.github.com github-cloud.s3.amazonaws.com github-production-repository-file-5c1aeb.s3.amazonaws.com github-production-upload-manifest-file-7fdce7.s3.amazonaws.com github-production-user-asset-6210df.s3.amazonaws.com cdn.optimizely.com logx.optimizely.com/v1/events translator.github.com wss://alive.github.com; font-src github.githubassets.com; form-action 'self' github.com gist.github.com; frame-ancestors 'none'; frame-src render.githubusercontent.com viewscreen.githubusercontent.com; img-src 'self' data: github.githubassets.com identicons.github.com collector.githubapp.com github-cloud.s3.amazonaws.com secured-user-images.githubusercontent.com/ *.githubusercontent.com; manifest-src 'self'; media-src github.com user-images.githubusercontent.com/; script-src github.githubassets.com; style-src 'unsafe-inline' github.githubassets.com; worker-src github.com/socket-worker-7c2abeb0.js gist.github.com/socket-worker-7c2abeb0.js","x-github-request-id":"CEB8:0DAA:2A3E2:45E8C:613EC0A3"}
[debug] [2021-09-13T03:08:19.626Z] >>> [apiv2][query] GET https://api.github.com/user [none]
[debug] [2021-09-13T03:08:20.051Z] <<< [apiv2][status] GET https://api.github.com/user 200
[debug] [2021-09-13T03:08:20.052Z] <<< [apiv2][body] GET https://api.github.com/user {"login":"andresflorez16","id":88729409,"node_id":"MDQ6VXNlcjg4NzI5NDA5","avatar_url":"https://avatars.githubusercontent.com/u/88729409?v=4","gravatar_id":"","url":"https://api.github.com/users/andresflorez16","html_url":"https://github.com/andresflorez16","followers_url":"https://api.github.com/users/andresflorez16/followers","following_url":"https://api.github.com/users/andresflorez16/following{/other_user}","gists_url":"https://api.github.com/users/andresflorez16/gists{/gist_id}","starred_url":"https://api.github.com/users/andresflorez16/starred{/owner}{/repo}","subscriptions_url":"https://api.github.com/users/andresflorez16/subscriptions","organizations_url":"https://api.github.com/users/andresflorez16/orgs","repos_url":"https://api.github.com/users/andresflorez16/repos","events_url":"https://api.github.com/users/andresflorez16/events{/privacy}","received_events_url":"https://api.github.com/users/andresflorez16/received_events","type":"User","site_admin":false,"name":"Andres Florez","company":null,"blog":"https://www.linkedin.com/in/andres-florez-2031121bb/","location":null,"email":null,"hireable":null,"bio":"Estudiante de Ingeniería en Automatización en la Universidad de La Salle, con pasión por la programación y el desarrollo de aplicaciones WEB, móviles y software","twitter_username":null,"public_repos":4,"public_gists":0,"followers":0,"following":0,"created_at":"2021-08-10T15:15:51Z","updated_at":"2021-08-11T18:25:49Z","private_gists":0,"total_private_repos":1,"owned_private_repos":1,"disk_usage":13031,"collaborators":0,"two_factor_authentication":false,"plan":{"name":"free","space":976562499,"collaborators":0,"private_repos":10000}}
[info] 
[info] +  Success! Logged into GitHub as andresflorez16 
[info] 
[debug] [2021-09-13T03:08:34.994Z] >>> [apiv2][query] GET https://api.github.com/repos//actions/secrets/public-key type=owner
[debug] [2021-09-13T03:08:35.258Z] >>> [apiv2][query] GET https://api.github.com/repos//actions/secrets/public-key type=owner
[debug] [2021-09-13T03:08:35.365Z] <<< [apiv2][status] GET https://api.github.com/repos//actions/secrets/public-key 404
[debug] [2021-09-13T03:08:35.366Z] <<< [apiv2][body] GET https://api.github.com/repos//actions/secrets/public-key {"message":"Not Found","documentation_url":"https://docs.github.com/rest"}
[debug] [2021-09-13T03:08:35.610Z] <<< [apiv2][status] GET https://api.github.com/repos//actions/secrets/public-key 404
[debug] [2021-09-13T03:08:35.612Z] <<< [apiv2][body] GET https://api.github.com/repos//actions/secrets/public-key {"message":"Not Found","documentation_url":"https://docs.github.com/rest"}
